<?xml version="1.0" encoding="UTF-8"?>
<!-- Generated by org.testng.reporters.JUnitReportReporter -->
<testsuite hostname="DESKTOP-FUGQNF4" failures="0" tests="1" name="com.Bestbuy.tests.BestBuyBottomPageTest" time="159.817" errors="0" timestamp="2023-09-07T10:48:18 EDT" skipped="0">
  <testcase classname="com.Bestbuy.tests.BestBuyBottomPageTest" name="bottomLinkValidation" time="159.817"/>
  <system-out/>
</testsuite> <!-- com.Bestbuy.tests.BestBuyBottomPageTest -->
