<?xml version="1.0" encoding="UTF-8"?>
<!-- Generated by org.testng.reporters.JUnitReportReporter -->
<testsuite hostname="DESKTOP-FUGQNF4" failures="0" tests="1" name="com.bestbuy.tests.BestBuyAddItemsTest" time="1498.589" errors="0" timestamp="2023-09-10T01:54:02 EDT" skipped="0">
  <testcase classname="com.bestbuy.tests.BestBuyAddItemsTest" name="add_Items_toCart" time="1498.589"/>
  <system-out/>
</testsuite> <!-- com.bestbuy.tests.BestBuyAddItemsTest -->
