<?xml version="1.0" encoding="UTF-8"?>
<!-- Generated by org.testng.reporters.JUnitReportReporter -->
<testsuite hostname="DESKTOP-FUGQNF4" failures="0" tests="1" name="com.Bestbuy.tests.BestBuySignin_NegativeTest" time="73.466" errors="0" timestamp="2023-09-07T10:40:24 EDT" skipped="0">
  <testcase classname="com.Bestbuy.tests.BestBuySignin_NegativeTest" name="signIn_invalidCredentials" time="73.466"/>
  <system-out/>
</testsuite> <!-- com.Bestbuy.tests.BestBuySignin_NegativeTest -->
