<?xml version="1.0" encoding="UTF-8"?>
<!-- Generated by org.testng.reporters.JUnitReportReporter -->
<testsuite hostname="DESKTOP-FUGQNF4" failures="0" tests="1" name="com.Bestbuy.tests.BestBuySearch_NegativeTest" time="57.172" errors="0" timestamp="2023-09-07T09:52:35 EDT" skipped="0">
  <testcase classname="com.Bestbuy.tests.BestBuySearch_NegativeTest" name="signIn_invalidCredentials" time="57.172"/>
  <system-out/>
</testsuite> <!-- com.Bestbuy.tests.BestBuySearch_NegativeTest -->
