<?xml version="1.0" encoding="UTF-8"?>
<!-- Generated by org.testng.reporters.JUnitReportReporter -->
<testsuite hostname="DESKTOP-FUGQNF4" failures="0" tests="1" name="com.bestbuy.tests.BestBuySignupTest" time="117.782" errors="0" timestamp="2023-09-10T11:42:51 EDT" skipped="0">
  <testcase classname="com.bestbuy.tests.BestBuySignupTest" name="signUpPage" time="117.782"/>
  <system-out/>
</testsuite> <!-- com.bestbuy.tests.BestBuySignupTest -->
