<?xml version="1.0" encoding="UTF-8"?>
<!-- Generated by org.testng.reporters.JUnitReportReporter -->
<testsuite hostname="DESKTOP-FUGQNF4" failures="0" tests="1" name="com.Bestbuy.tests.BestBuyBrokenlinkTest" time="9.446" errors="0" timestamp="2023-09-07T10:45:11 EDT" skipped="0">
  <testcase classname="com.Bestbuy.tests.BestBuyBrokenlinkTest" name="brokenLinktest" time="9.446"/>
  <system-out/>
</testsuite> <!-- com.Bestbuy.tests.BestBuyBrokenlinkTest -->
