<?xml version="1.0" encoding="UTF-8"?>
<!-- Generated by org.testng.reporters.JUnitReportReporter -->
<testsuite hostname="DESKTOP-FUGQNF4" failures="0" tests="1" name="com.bestbuy.tests.BestBuySearch_NegativeTest" time="59.362" errors="0" timestamp="2023-09-09T15:09:49 EDT" skipped="0">
  <testcase classname="com.bestbuy.tests.BestBuySearch_NegativeTest" name="signIn_invalidCredentials" time="59.362"/>
  <system-out/>
</testsuite> <!-- com.bestbuy.tests.BestBuySearch_NegativeTest -->
