<?xml version="1.0" encoding="UTF-8"?>
<!-- Generated by org.testng.reporters.JUnitReportReporter -->
<testsuite hostname="DESKTOP-FUGQNF4" failures="0" tests="1" name="com.Bestbuy.tests.BestBuyAdd" time="100.177" errors="0" timestamp="2023-09-07T10:53:32 EDT" skipped="0">
  <testcase classname="com.Bestbuy.tests.BestBuyAdd" name="add_Items_toCart" time="100.177"/>
  <system-out/>
</testsuite> <!-- com.Bestbuy.tests.BestBuyAdd -->
