<?xml version="1.0" encoding="UTF-8"?>
<!-- Generated by org.testng.reporters.JUnitReportReporter -->
<testsuite hostname="DESKTOP-FUGQNF4" failures="0" tests="1" name="com.Bestbuy.tests.BestbuyOpenBrowserTest" time="10.699" errors="0" timestamp="2023-09-07T10:43:00 EDT" skipped="0">
  <testcase classname="com.Bestbuy.tests.BestbuyOpenBrowserTest" name="browserLaunch" time="10.699"/>
  <system-out/>
</testsuite> <!-- com.Bestbuy.tests.BestbuyOpenBrowserTest -->
