<?xml version="1.0" encoding="UTF-8"?>
<!-- Generated by org.testng.reporters.JUnitReportReporter -->
<testsuite hostname="DESKTOP-FUGQNF4" failures="0" tests="1" name="com.bestbuy.tests.BestBuySignin_NegativeTest" time="110.576" errors="0" timestamp="2023-09-09T15:11:27 EDT" skipped="0">
  <testcase classname="com.bestbuy.tests.BestBuySignin_NegativeTest" name="signIn_invalidCredentials" time="110.576"/>
  <system-out/>
</testsuite> <!-- com.bestbuy.tests.BestBuySignin_NegativeTest -->
