<?xml version="1.0" encoding="UTF-8"?>
<!-- Generated by org.testng.reporters.JUnitReportReporter -->
<testsuite hostname="DESKTOP-FUGQNF4" failures="0" tests="1" name="com.bestbuy.tests.BestBuySignupTest" time="85.057" errors="0" timestamp="2023-09-10T13:40:15 EDT" skipped="0">
  <testcase classname="com.bestbuy.tests.BestBuySignupTest" name="signUpPage" time="85.057"/>
  <system-out/>
</testsuite> <!-- com.bestbuy.tests.BestBuySignupTest -->
