<?xml version="1.0" encoding="UTF-8"?>
<!-- Generated by org.testng.reporters.JUnitReportReporter -->
<testsuite hostname="DESKTOP-FUGQNF4" failures="0" tests="1" name="com.bestbuy.tests.BestBuyMenuTest" time="45.578" errors="0" timestamp="2023-09-10T02:39:28 EDT" skipped="0">
  <testcase classname="com.bestbuy.tests.BestBuyMenuTest" name="menuNavigation" time="45.578"/>
  <system-out/>
</testsuite> <!-- com.bestbuy.tests.BestBuyMenuTest -->
