<?xml version="1.0" encoding="UTF-8"?>
<!-- Generated by org.testng.reporters.JUnitReportReporter -->
<testsuite hostname="DESKTOP-FUGQNF4" failures="0" tests="1" name="com.bestbuy.tests.BestBuyMenuTest" time="47.415" errors="0" timestamp="2023-09-10T13:40:15 EDT" skipped="0">
  <testcase classname="com.bestbuy.tests.BestBuyMenuTest" name="menuNavigation" time="47.415"/>
  <system-out/>
</testsuite> <!-- com.bestbuy.tests.BestBuyMenuTest -->
