<?xml version="1.0" encoding="UTF-8"?>
<!-- Generated by org.testng.reporters.JUnitReportReporter -->
<testsuite hostname="DESKTOP-FUGQNF4" failures="0" tests="1" name="com.bestbuy.tests.BestBuySignin_NegativeTest" time="62.638" errors="0" timestamp="2023-09-10T02:39:28 EDT" skipped="0">
  <testcase classname="com.bestbuy.tests.BestBuySignin_NegativeTest" name="signIn_invalidCredentials" time="62.638"/>
  <system-out/>
</testsuite> <!-- com.bestbuy.tests.BestBuySignin_NegativeTest -->
